<?xml version="1.0" encoding="UTF-8"?>
<testng-results ignored="0" total="1" passed="1" failed="0" skipped="0">
  <reporter-output>
  </reporter-output>
  <suite started-at="2022-04-10T09:20:21 IST" name="Default suite" finished-at="2022-04-10T09:20:26 IST" duration-ms="4142">
    <groups>
    </groups>
    <test started-at="2022-04-10T09:20:21 IST" name="Default test" finished-at="2022-04-10T09:20:26 IST" duration-ms="4142">
      <class name="testLayer.LoginTestPage">
        <test-method is-config="true" signature="beforeMethod()[pri:0, instance:testLayer.LoginTestPage@15ff3e9e]" started-at="2022-04-10T09:20:21 IST" name="beforeMethod" finished-at="2022-04-10T09:20:24 IST" duration-ms="2834" status="PASS">
          <reporter-output>
          </reporter-output>
        </test-method> <!-- beforeMethod -->
        <test-method signature="verifyLoginPage()[pri:0, instance:testLayer.LoginTestPage@15ff3e9e]" started-at="2022-04-10T09:20:24 IST" name="verifyLoginPage" finished-at="2022-04-10T09:20:25 IST" duration-ms="917" status="PASS">
          <reporter-output>
          </reporter-output>
        </test-method> <!-- verifyLoginPage -->
        <test-method is-config="true" signature="aftermethod()[pri:0, instance:testLayer.LoginTestPage@15ff3e9e]" started-at="2022-04-10T09:20:25 IST" name="aftermethod" finished-at="2022-04-10T09:20:26 IST" duration-ms="356" status="PASS">
          <reporter-output>
          </reporter-output>
        </test-method> <!-- aftermethod -->
      </class> <!-- testLayer.LoginTestPage -->
    </test> <!-- Default test -->
  </suite> <!-- Default suite -->
</testng-results>
