<?xml version="1.0" encoding="UTF-8"?>
<testng-results ignored="0" total="1" passed="1" failed="0" skipped="0">
  <reporter-output>
  </reporter-output>
  <suite started-at="2022-04-10T09:11:44 IST" name="Default suite" finished-at="2022-04-10T09:11:48 IST" duration-ms="4179">
    <groups>
    </groups>
    <test started-at="2022-04-10T09:11:44 IST" name="Default test" finished-at="2022-04-10T09:11:48 IST" duration-ms="4179">
      <class name="testLayer.ReportTestPage">
        <test-method is-config="true" signature="beforeMethod()[pri:0, instance:testLayer.ReportTestPage@15ff3e9e]" started-at="2022-04-10T09:11:44 IST" name="beforeMethod" finished-at="2022-04-10T09:11:47 IST" duration-ms="2857" status="PASS">
          <reporter-output>
          </reporter-output>
        </test-method> <!-- beforeMethod -->
        <test-method signature="setReport()[pri:0, instance:testLayer.ReportTestPage@15ff3e9e]" started-at="2022-04-10T09:11:47 IST" name="setReport" finished-at="2022-04-10T09:11:48 IST" duration-ms="1042" status="PASS">
          <reporter-output>
          </reporter-output>
        </test-method> <!-- setReport -->
        <test-method is-config="true" signature="aftermethod()[pri:0, instance:testLayer.ReportTestPage@15ff3e9e]" started-at="2022-04-10T09:11:48 IST" name="aftermethod" finished-at="2022-04-10T09:11:48 IST" duration-ms="249" status="PASS">
          <reporter-output>
          </reporter-output>
        </test-method> <!-- aftermethod -->
      </class> <!-- testLayer.ReportTestPage -->
    </test> <!-- Default test -->
  </suite> <!-- Default suite -->
</testng-results>
